{"logLevel":"debug","message":"multithreading is set to false"}
{"logLevel":"debug","message":"Using reflection to scan dependencies for gauge implementations..."}
SLF4J: Failed to load class "org.slf4j.impl.StaticLoggerBinder".
SLF4J: Defaulting to no-operation (NOP) logger implementation
SLF4J: See http://www.slf4j.org/codes.html#StaticLoggerBinder for further details.
{"logLevel":"debug","message":"gauge-java took 968milliseconds to load and scan. This should be less than 'runner_connection_timeout' config value."}
{"logLevel":"debug","message":"run 'gauge config runner_connection_timeout' and verify that it is < 968"}
{"logLevel":"debug","message":"starting gRPC server..."}
{"logLevel":"debug","message":"started gRPC server on port 54634"}
{"logLevel":"info","message":"Listening on port:54634"}
{"logLevel":"debug","message":"Scanning packages for steps"}
{"logLevel":"debug","message":"Comparing 'Tests.ProductPageTest.ScrollToEndOfThePage' and 'Tests.ProductPageTest.ScrollToEndOfThePage'"}
{"logLevel":"debug","message":"Found Sayfanin sonuna scroll edilir in current project scope."}
{"logLevel":"debug","message":"Comparing 'Tests.ProductPageTest.SelectRandomProduct' and 'Tests.ProductPageTest.SelectRandomProduct'"}
{"logLevel":"debug","message":"Found Rastgele bir urun secilir in current project scope."}
{"logLevel":"debug","message":"Comparing 'Tests.ProductPageTest.IsProductsPageDisplayed' and 'Tests.ProductPageTest.IsProductsPageDisplayed'"}
{"logLevel":"debug","message":"Found Urunler sayfasinin acildigi gorulur in current project scope."}
{"logLevel":"debug","message":"Comparing 'Tests.HomePageTest.ClickToMyCartButton' and 'Tests.HomePageTest.ClickToMyCartButton'"}
{"logLevel":"debug","message":"Found Sepetim butonuna tiklanir in current project scope."}
{"logLevel":"debug","message":"Comparing 'Tests.LoginPageTest.SetEmailAddress' and 'Tests.LoginPageTest.SetEmailAddress'"}
{"logLevel":"debug","message":"Found Email alaninda {} yazilir in current project scope."}
{"logLevel":"debug","message":"Comparing 'Tests.ProductDetailTest.SelectProductSize' and 'Tests.ProductDetailTest.SelectProductSize'"}
{"logLevel":"debug","message":"Found Urunun bedeni secilir in current project scope."}
{"logLevel":"debug","message":"Comparing 'Tests.MyAccountTest.ClickOnMyAccountButton' and 'Tests.MyAccountTest.ClickOnMyAccountButton'"}
{"logLevel":"debug","message":"Found Hesabim butonuna tiklanir in current project scope."}
{"logLevel":"debug","message":"Comparing 'Tests.MyCartPageTest.CheckProductPrices' and 'Tests.MyCartPageTest.CheckProductPrices'"}
{"logLevel":"debug","message":"Found Sepetteki fiyat ile urun sayfasindaki fiyatin ayni oldugu gorulur in current project scope."}
{"logLevel":"debug","message":"Comparing 'Tests.LoginPageTest.ClickOnLoginButton' and 'Tests.LoginPageTest.ClickOnLoginButton'"}
{"logLevel":"debug","message":"Found Login butonuna tiklanir in current project scope."}
{"logLevel":"debug","message":"Comparing 'Tests.LoginPageTest.IsLoginPageDisplayed' and 'Tests.LoginPageTest.IsLoginPageDisplayed'"}
{"logLevel":"debug","message":"Found Login sayfasinin acildigi gorulur in current project scope."}
{"logLevel":"debug","message":"Comparing 'Tests.LoginPageTest.SetPassword' and 'Tests.LoginPageTest.SetPassword'"}
{"logLevel":"debug","message":"Found Password alaninda {} yazilir in current project scope."}
{"logLevel":"debug","message":"Comparing 'Tests.ProductDetailTest.AddToCartSelectedProduct' and 'Tests.ProductDetailTest.AddToCartSelectedProduct'"}
{"logLevel":"debug","message":"Found Secilen urun sepete eklenir in current project scope."}
{"logLevel":"debug","message":"Comparing 'Tests.HomePageTest.ClickToSearcButton' and 'Tests.HomePageTest.ClickToSearcButton'"}
{"logLevel":"debug","message":"Found Ara butonuna tiklanir in current project scope."}
{"logLevel":"debug","message":"Comparing 'Tests.ProductPageTest.ClicksOnSeeMoreButton' and 'Tests.ProductPageTest.ClicksOnSeeMoreButton'"}
{"logLevel":"debug","message":"Found Daha fazla butonuna tiklanir in current project scope."}
{"logLevel":"debug","message":"Comparing 'Tests.MyAccountTest.ChekEmailAreaIsNotEmpty' and 'Tests.MyAccountTest.ChekEmailAreaIsNotEmpty'"}
{"logLevel":"debug","message":"Found Email Alaninin dolu oldugu gorulur in current project scope."}
{"logLevel":"debug","message":"Comparing 'Tests.HomePageTest.SetProductName' and 'Tests.HomePageTest.SetProductName'"}
{"logLevel":"debug","message":"Found Arama alaninda {} yazilir in current project scope."}
{"logLevel":"debug","message":"Comparing 'Tests.HomePageTest.IsHomePageDisplayed' and 'Tests.HomePageTest.IsHomePageDisplayed'"}
{"logLevel":"debug","message":"Found Anasayfanin acildigi gorulur in current project scope."}
{"logLevel":"debug","message":"Comparing 'Tests.HomePageTest.ClickToLoginButton' and 'Tests.HomePageTest.ClickToLoginButton'"}
{"logLevel":"debug","message":"Found Giris yap butonuna tiklanir in current project scope."}
{"logLevel":"debug","message":"Scanning packages for hooks"}
{"logLevel":"debug","message":"Scanned steps (using static parsing + reflections): "}
{"logLevel":"debug","message":"\tSayfanin sonuna scroll edilir : public void ScrollToEndOfThePage() throws InterruptedException"}
{"logLevel":"debug","message":"\tLogin butonuna tiklanir : public void ClickOnLoginButton()"}
{"logLevel":"debug","message":"\tUrunun bedeni secilir : public void SelectProductSize()"}
{"logLevel":"debug","message":"\tAnasayfanin acildigi gorulur : public void IsHomePageDisplayed()"}
{"logLevel":"debug","message":"\tGiris yap butonuna tiklanir : public void ClickToLoginButton()"}
{"logLevel":"debug","message":"\tUrunler sayfasinin acildigi gorulur : public void IsProductsPageDisplayed()"}
{"logLevel":"debug","message":"\tHesabim butonuna tiklanir : public void ClickOnMyAccountButton()"}
{"logLevel":"debug","message":"\tDaha fazla butonuna tiklanir : public void ClicksOnSeeMoreButton()"}
{"logLevel":"debug","message":"\tRastgele bir urun secilir : public void SelectRandomProduct()"}
{"logLevel":"debug","message":"\tArama alaninda {} yazilir : public void SetProductName(String productName)"}
{"logLevel":"debug","message":"\tEmail alaninda {} yazilir : public void SetEmailAddress(String emailAddress)"}
{"logLevel":"debug","message":"\tLogin sayfasinin acildigi gorulur : public void IsLoginPageDisplayed()"}
{"logLevel":"debug","message":"\tSepetim butonuna tiklanir : public void ClickToMyCartButton()"}
{"logLevel":"debug","message":"\tSecilen urun sepete eklenir : public void AddToCartSelectedProduct()"}
{"logLevel":"debug","message":"\tPassword alaninda {} yazilir : public void SetPassword(String password)"}
{"logLevel":"debug","message":"\tEmail Alaninin dolu oldugu gorulur : public void ChekEmailAreaIsNotEmpty()"}
{"logLevel":"debug","message":"\tSepetteki fiyat ile urun sayfasindaki fiyatin ayni oldugu gorulur : public void CheckProductPrices()"}
{"logLevel":"debug","message":"\tAra butonuna tiklanir : public void ClickToSearcButton()"}
Starting ChromeDriver 94.0.4606.61 (418b78f5838ed0b1c69bb4e51ea0252171854915-refs/branch-heads/4606@{#1204}) on port 34305
Only local connections are allowed.
Please see https://chromedriver.chromium.org/security-considerations for suggestions on keeping ChromeDriver safe.
ChromeDriver was started successfully.
Eki 17, 2021 10:52:38 PM org.openqa.selenium.remote.ProtocolHandshake createSession
INFO: Detected dialect: W3C
{"logLevel":"debug","message":"Executing 'Anasayfanin acildigi gorulur' using 'class Tests.HomePageTest.IsHomePageDisplayed"}
{"logLevel":"debug","message":"Executing 'Giris yap butonuna tiklanir' using 'class Tests.HomePageTest.ClickToLoginButton"}
{"logLevel":"debug","message":"Executing 'Login sayfasinin acildigi gorulur' using 'class Tests.LoginPageTest.IsLoginPageDisplayed"}
{"logLevel":"debug","message":"Executing 'Email alaninda {} yazilir' using 'class Tests.LoginPageTest.SetEmailAddress"}
{"logLevel":"debug","message":"Executing 'Password alaninda {} yazilir' using 'class Tests.LoginPageTest.SetPassword"}
{"logLevel":"debug","message":"Executing 'Login butonuna tiklanir' using 'class Tests.LoginPageTest.ClickOnLoginButton"}
{"logLevel":"debug","message":"Executing 'Hesabim butonuna tiklanir' using 'class Tests.MyAccountTest.ClickOnMyAccountButton"}
{"logLevel":"debug","message":"Executing 'Email Alaninin dolu oldugu gorulur' using 'class Tests.MyAccountTest.ChekEmailAreaIsNotEmpty"}
{"logLevel":"debug","message":"Executing 'Arama alaninda {} yazilir' using 'class Tests.HomePageTest.SetProductName"}
{"logLevel":"debug","message":"Executing 'Ara butonuna tiklanir' using 'class Tests.HomePageTest.ClickToSearcButton"}
{"logLevel":"debug","message":"Executing 'Urunler sayfasinin acildigi gorulur' using 'class Tests.ProductPageTest.IsProductsPageDisplayed"}
{"logLevel":"debug","message":"Executing 'Sayfanin sonuna scroll edilir' using 'class Tests.ProductPageTest.ScrollToEndOfThePage"}
{"logLevel":"debug","message":"Executing 'Daha fazla butonuna tiklanir' using 'class Tests.ProductPageTest.ClicksOnSeeMoreButton"}
{"logLevel":"debug","message":"Executing 'Rastgele bir urun secilir' using 'class Tests.ProductPageTest.SelectRandomProduct"}
{"logLevel":"debug","message":"Killing Java runner..."}
{"logLevel":"debug","message":"Stopping execution pool..."}
{"logLevel":"debug","message":"Shutting down grpc server..."}
{"logLevel":"debug","message":"Runner killed gracefully."}
