{"logLevel":"debug","message":"multithreading is set to false"}
{"logLevel":"debug","message":"Using reflection to scan dependencies for gauge implementations..."}
SLF4J: Failed to load class "org.slf4j.impl.StaticLoggerBinder".
SLF4J: Defaulting to no-operation (NOP) logger implementation
SLF4J: See http://www.slf4j.org/codes.html#StaticLoggerBinder for further details.
{"logLevel":"debug","message":"gauge-java took 838milliseconds to load and scan. This should be less than 'runner_connection_timeout' config value."}
{"logLevel":"debug","message":"run 'gauge config runner_connection_timeout' and verify that it is < 838"}
{"logLevel":"debug","message":"starting gRPC server..."}
{"logLevel":"debug","message":"started gRPC server on port 63995"}
{"logLevel":"info","message":"Listening on port:63995"}
{"logLevel":"debug","message":"Scanning packages for steps"}
{"logLevel":"debug","message":"Comparing 'Tests.LoginPageTest.SetPassword' and 'Tests.LoginPageTest.SetPassword'"}
{"logLevel":"debug","message":"Found Password alaninda {} yazilir in current project scope."}
{"logLevel":"debug","message":"Comparing 'Tests.LoginPageTest.SetEmailAddress' and 'Tests.LoginPageTest.SetEmailAddress'"}
{"logLevel":"debug","message":"Found Email alaninda {} yazilir in current project scope."}
{"logLevel":"debug","message":"Comparing 'Tests.HomePageTest.IsHomePageDisplayed' and 'Tests.HomePageTest.IsHomePageDisplayed'"}
{"logLevel":"debug","message":"Found Anasayfanin acildigi gorulur in current project scope."}
{"logLevel":"debug","message":"Comparing 'Tests.HomePageTest.ClickToLoginButton' and 'Tests.HomePageTest.ClickToLoginButton'"}
{"logLevel":"debug","message":"Found Giris yap butonuna tiklanir in current project scope."}
{"logLevel":"debug","message":"Comparing 'Tests.LoginPageTest.IsLoginPageDisplayed' and 'Tests.LoginPageTest.IsLoginPageDisplayed'"}
{"logLevel":"debug","message":"Found Login sayfasinin acildigi gorulur in current project scope."}
{"logLevel":"debug","message":"Comparing 'Tests.LoginPageTest.ClickOnLoginButton' and 'Tests.LoginPageTest.ClickOnLoginButton'"}
{"logLevel":"debug","message":"Found Login butonuna tiklanir in current project scope."}
{"logLevel":"debug","message":"Scanning packages for hooks"}
{"logLevel":"debug","message":"Scanned steps (using static parsing + reflections): "}
{"logLevel":"debug","message":"\tLogin butonuna tiklanir : public void ClickOnLoginButton()"}
{"logLevel":"debug","message":"\tAnasayfanin acildigi gorulur : public void IsHomePageDisplayed()"}
{"logLevel":"debug","message":"\tEmail alaninda {} yazilir : public void SetEmailAddress(String emailAddress)"}
{"logLevel":"debug","message":"\tGiris yap butonuna tiklanir : public void ClickToLoginButton()"}
{"logLevel":"debug","message":"\tLogin sayfasinin acildigi gorulur : public void IsLoginPageDisplayed()"}
{"logLevel":"debug","message":"\tPassword alaninda {} yazilir : public void SetPassword(String password)"}
Starting ChromeDriver 94.0.4606.61 (418b78f5838ed0b1c69bb4e51ea0252171854915-refs/branch-heads/4606@{#1204}) on port 28602
Only local connections are allowed.
Please see https://chromedriver.chromium.org/security-considerations for suggestions on keeping ChromeDriver safe.
ChromeDriver was started successfully.
Eki 17, 2021 1:33:18 PM org.openqa.selenium.remote.ProtocolHandshake createSession
INFO: Detected dialect: W3C
{"logLevel":"debug","message":"Executing 'Anasayfanin acildigi gorulur' using 'class Tests.HomePageTest.IsHomePageDisplayed"}
{"logLevel":"debug","message":"Executing 'Giris yap butonuna tiklanir' using 'class Tests.HomePageTest.ClickToLoginButton"}
{"logLevel":"debug","message":"Executing 'Login sayfasinin acildigi gorulur' using 'class Tests.LoginPageTest.IsLoginPageDisplayed"}
{"logLevel":"debug","message":"Executing 'Email alaninda {} yazilir' using 'class Tests.LoginPageTest.SetEmailAddress"}
{"logLevel":"debug","message":"Executing 'Password alaninda {} yazilir' using 'class Tests.LoginPageTest.SetPassword"}
{"logLevel":"debug","message":"Executing 'Login butonuna tiklanir' using 'class Tests.LoginPageTest.ClickOnLoginButton"}
{"logLevel":"debug","message":"Killing Java runner..."}
{"logLevel":"debug","message":"Stopping execution pool..."}
{"logLevel":"debug","message":"Shutting down grpc server..."}
{"logLevel":"debug","message":"Runner killed gracefully."}
